0 info it worked if it ends with ok
1 verbose cli [ 'node', '/usr/local/bin/npm', 'install', '-g', 'bower' ]
2 info using npm@1.4.14
3 info using node@v0.10.29
4 verbose cache add [ 'bower', null ]
5 verbose cache add name=undefined spec="bower" args=["bower",null]
6 verbose parsed url { protocol: null,
6 verbose parsed url   slashes: null,
6 verbose parsed url   auth: null,
6 verbose parsed url   host: null,
6 verbose parsed url   port: null,
6 verbose parsed url   hostname: null,
6 verbose parsed url   hash: null,
6 verbose parsed url   search: null,
6 verbose parsed url   query: null,
6 verbose parsed url   pathname: 'bower',
6 verbose parsed url   path: 'bower',
6 verbose parsed url   href: 'bower' }
7 silly lockFile 206e3ce5-bower bower
8 verbose lock bower /Users/donpage/.npm/206e3ce5-bower.lock
9 silly lockFile 206e3ce5-bower bower
10 silly lockFile 206e3ce5-bower bower
11 verbose addNamed [ 'bower', '' ]
12 verbose addNamed [ null, '*' ]
13 silly lockFile 1240aab1-bower bower@
14 verbose lock bower@ /Users/donpage/.npm/1240aab1-bower.lock
15 silly addNameRange { name: 'bower', range: '*', hasData: false }
16 verbose url raw bower
17 verbose url resolving [ 'https://registry.npmjs.org/', './bower' ]
18 verbose url resolved https://registry.npmjs.org/bower
19 info trying registry request attempt 1 at 23:00:01
20 http GET https://registry.npmjs.org/bower
21 http 200 https://registry.npmjs.org/bower
22 silly registry.get cb [ 200,
22 silly registry.get   { date: 'Wed, 16 Jul 2014 03:00:02 GMT',
22 silly registry.get     server: 'CouchDB/1.5.0 (Erlang OTP/R16B03)',
22 silly registry.get     etag: '"EEHF0G4KSYNN0V1U12KP7TXUM"',
22 silly registry.get     'content-type': 'application/json',
22 silly registry.get     'cache-control': 'max-age=30',
22 silly registry.get     'content-length': '107643',
22 silly registry.get     'accept-ranges': 'bytes',
22 silly registry.get     via: '1.1 varnish',
22 silly registry.get     age: '329',
22 silly registry.get     'x-served-by': 'cache-iad2121-IAD',
22 silly registry.get     'x-cache': 'HIT',
22 silly registry.get     'x-cache-hits': '2',
22 silly registry.get     'x-timer': 'S1405479602.617435,VS0,VE0',
22 silly registry.get     vary: 'Accept',
22 silly registry.get     'keep-alive': 'timeout=10, max=50',
22 silly registry.get     connection: 'Keep-Alive' } ]
23 silly addNameRange number 2 { name: 'bower', range: '*', hasData: true }
24 silly addNameRange versions [ 'bower',
24 silly addNameRange   [ '0.1.0',
24 silly addNameRange     '0.1.2',
24 silly addNameRange     '0.1.3',
24 silly addNameRange     '0.2.0',
24 silly addNameRange     '0.3.0',
24 silly addNameRange     '0.3.1',
24 silly addNameRange     '0.3.2',
24 silly addNameRange     '0.4.0',
24 silly addNameRange     '0.5.0',
24 silly addNameRange     '0.5.1',
24 silly addNameRange     '0.6.0',
24 silly addNameRange     '0.6.1',
24 silly addNameRange     '0.6.2',
24 silly addNameRange     '0.6.3',
24 silly addNameRange     '0.6.4',
24 silly addNameRange     '0.6.5',
24 silly addNameRange     '0.6.6',
24 silly addNameRange     '0.6.7',
24 silly addNameRange     '0.6.8',
24 silly addNameRange     '0.7.0',
24 silly addNameRange     '0.7.1',
24 silly addNameRange     '0.8.0',
24 silly addNameRange     '0.8.1',
24 silly addNameRange     '0.8.2',
24 silly addNameRange     '0.8.3',
24 silly addNameRange     '0.8.4',
24 silly addNameRange     '0.8.5',
24 silly addNameRange     '0.8.6',
24 silly addNameRange     '0.9.0',
24 silly addNameRange     '0.9.1',
24 silly addNameRange     '0.9.2',
24 silly addNameRange     '0.10.0',
24 silly addNameRange     '1.0.0',
24 silly addNameRange     '1.0.1',
24 silly addNameRange     '1.0.2',
24 silly addNameRange     '1.0.3',
24 silly addNameRange     '1.1.0',
24 silly addNameRange     '1.1.1',
24 silly addNameRange     '1.1.2',
24 silly addNameRange     '1.2.0',
24 silly addNameRange     '1.2.1',
24 silly addNameRange     '1.2.2',
24 silly addNameRange     '1.2.3',
24 silly addNameRange     '1.2.4',
24 silly addNameRange     '1.2.5',
24 silly addNameRange     '1.2.6',
24 silly addNameRange     '1.2.7',
24 silly addNameRange     '1.2.8',
24 silly addNameRange     '1.3.0',
24 silly addNameRange     '1.3.1',
24 silly addNameRange     '1.3.2',
24 silly addNameRange     '1.3.3',
24 silly addNameRange     '1.3.4',
24 silly addNameRange     '1.3.5',
24 silly addNameRange     '1.3.6',
24 silly addNameRange     '1.3.7',
24 silly addNameRange     '1.3.8' ] ]
25 verbose addNamed [ 'bower', '1.3.8' ]
26 verbose addNamed [ '1.3.8', '1.3.8' ]
27 silly lockFile 7946917f-bower-1-3-8 bower@1.3.8
28 verbose lock bower@1.3.8 /Users/donpage/.npm/7946917f-bower-1-3-8.lock
29 silly lockFile ad8e0082--npmjs-org-bower-bower-1-3-8-tgz https://registry.npmjs.org/bower/-/bower-1.3.8.tgz
30 verbose lock https://registry.npmjs.org/bower/-/bower-1.3.8.tgz /Users/donpage/.npm/ad8e0082--npmjs-org-bower-bower-1-3-8-tgz.lock
31 verbose addRemoteTarball [ 'https://registry.npmjs.org/bower/-/bower-1.3.8.tgz',
31 verbose addRemoteTarball   'afa3338a8a88a6e084c38112ea4a15998cbee3e6' ]
32 info retry fetch attempt 1 at 23:00:03
33 verbose fetch to= /var/folders/4z/rp777vsj3_96092r7jw8m9qh0000gn/T/npm-34733-3aA49paA/registry.npmjs.org/bower/-/bower-1.3.8.tgz
34 http GET https://registry.npmjs.org/bower/-/bower-1.3.8.tgz
35 http 200 https://registry.npmjs.org/bower/-/bower-1.3.8.tgz
36 silly lockFile ad8e0082--npmjs-org-bower-bower-1-3-8-tgz https://registry.npmjs.org/bower/-/bower-1.3.8.tgz
37 silly lockFile ad8e0082--npmjs-org-bower-bower-1-3-8-tgz https://registry.npmjs.org/bower/-/bower-1.3.8.tgz
38 silly lockFile 7946917f-bower-1-3-8 bower@1.3.8
39 silly lockFile 7946917f-bower-1-3-8 bower@1.3.8
40 silly lockFile 1240aab1-bower bower@
41 silly lockFile 1240aab1-bower bower@
42 silly resolved [ { name: 'bower',
42 silly resolved     version: '1.3.8',
42 silly resolved     description: 'The browser package manager',
42 silly resolved     author: { name: 'Twitter' },
42 silly resolved     licenses: [ [Object] ],
42 silly resolved     repository: { type: 'git', url: 'git://github.com/bower/bower' },
42 silly resolved     main: 'lib',
42 silly resolved     homepage: 'http://bower.io',
42 silly resolved     engines: { node: '>=0.10.0' },
42 silly resolved     dependencies:
42 silly resolved      { abbrev: '~1.0.4',
42 silly resolved        archy: '~0.0.2',
42 silly resolved        'bower-config': '~0.5.2',
42 silly resolved        'bower-endpoint-parser': '~0.2.2',
42 silly resolved        'bower-json': '~0.4.0',
42 silly resolved        'bower-logger': '~0.2.2',
42 silly resolved        'bower-registry-client': '~0.2.0',
42 silly resolved        cardinal: '~0.4.0',
42 silly resolved        chalk: '~0.4.0',
42 silly resolved        chmodr: '~0.1.0',
42 silly resolved        'decompress-zip': '~0.0.6',
42 silly resolved        fstream: '~0.1.22',
42 silly resolved        'fstream-ignore': '~0.0.6',
42 silly resolved        glob: '~4.0.2',
42 silly resolved        'graceful-fs': '~3.0.1',
42 silly resolved        handlebars: '~1.3.0',
42 silly resolved        inquirer: '~0.5.1',
42 silly resolved        insight: '~0.3.0',
42 silly resolved        'is-root': '~0.1.0',
42 silly resolved        junk: '~0.3.0',
42 silly resolved        lockfile: '~0.4.2',
42 silly resolved        'lru-cache': '~2.5.0',
42 silly resolved        mkdirp: '~0.5.0',
42 silly resolved        mout: '~0.9.1',
42 silly resolved        nopt: '~3.0.0',
42 silly resolved        opn: '~0.1.1',
42 silly resolved        osenv: '~0.1.0',
42 silly resolved        'p-throttler': '~0.0.1',
42 silly resolved        promptly: '~0.2.0',
42 silly resolved        q: '~1.0.1',
42 silly resolved        request: '~2.36.0',
42 silly resolved        'request-progress': '~0.3.0',
42 silly resolved        retry: '~0.6.0',
42 silly resolved        rimraf: '~2.2.0',
42 silly resolved        semver: '~2.3.0',
42 silly resolved        'shell-quote': '~1.4.1',
42 silly resolved        'stringify-object': '~0.2.0',
42 silly resolved        tar: '~0.1.17',
42 silly resolved        tmp: '0.0.23',
42 silly resolved        'update-notifier': '~0.2.0',
42 silly resolved        which: '~1.0.5' },
42 silly resolved     devDependencies:
42 silly resolved      { 'expect.js': '~0.3.1',
42 silly resolved        grunt: '~0.4.4',
42 silly resolved        'grunt-contrib-jshint': '~0.10.0',
42 silly resolved        'grunt-contrib-watch': '~0.6.1',
42 silly resolved        'grunt-exec': '~0.4.2',
42 silly resolved        'grunt-simple-mocha': '~0.4.0',
42 silly resolved        istanbul: '~0.2.4',
42 silly resolved        'load-grunt-tasks': '~0.4.0',
42 silly resolved        mocha: '~1.20.1',
42 silly resolved        nock: '~0.34.1',
42 silly resolved        proxyquire: '~1.0.1',
42 silly resolved        coveralls: '~2.10.0',
42 silly resolved        'node-uuid': '~1.4.1' },
42 silly resolved     scripts: { test: 'grunt test' },
42 silly resolved     bin: { bower: 'bin/bower' },
42 silly resolved     preferGlobal: true,
42 silly resolved     bugs: { url: 'https://github.com/bower/bower/issues' },
42 silly resolved     _id: 'bower@1.3.8',
42 silly resolved     dist:
42 silly resolved      { shasum: 'afa3338a8a88a6e084c38112ea4a15998cbee3e6',
42 silly resolved        tarball: 'http://registry.npmjs.org/bower/-/bower-1.3.8.tgz' },
42 silly resolved     _from: 'bower@',
42 silly resolved     _npmVersion: '1.4.6',
42 silly resolved     _npmUser: { name: 'paulirish', email: 'paul.irish@gmail.com' },
42 silly resolved     maintainers: [ [Object], [Object], [Object], [Object], [Object], [Object] ],
42 silly resolved     directories: {},
42 silly resolved     _shasum: 'afa3338a8a88a6e084c38112ea4a15998cbee3e6',
42 silly resolved     _resolved: 'https://registry.npmjs.org/bower/-/bower-1.3.8.tgz' } ]
43 info install bower@1.3.8 into /usr/local/lib
44 info installOne bower@1.3.8
45 info /usr/local/lib/node_modules/bower unbuild
46 info preuninstall bower@1.3.3
47 info uninstall bower@1.3.3
48 verbose true,/usr/local/lib/node_modules,/usr/local/lib/node_modules unbuild bower@1.3.3
49 verbose /usr/local/bin,[object Object] binRoot
50 info postuninstall bower@1.3.3
51 info /usr/local/lib/node_modules/bower unbuild
52 info preuninstall bower@1.3.3
53 info uninstall bower@1.3.3
54 verbose true,/usr/local/lib/node_modules,/usr/local/lib/node_modules unbuild bower@1.3.3
55 verbose /usr/local/bin,[object Object] binRoot
56 info postuninstall bower@1.3.3
57 error error rolling back Error: EACCES, unlink '/usr/local/lib/node_modules/bower'
57 error error rolling back  bower@1.3.8 { [Error: EACCES, unlink '/usr/local/lib/node_modules/bower']
57 error error rolling back   errno: 3,
57 error error rolling back   code: 'EACCES',
57 error error rolling back   path: '/usr/local/lib/node_modules/bower' }
58 error Error: EACCES, unlink '/usr/local/lib/node_modules/bower'
58 error  { [Error: EACCES, unlink '/usr/local/lib/node_modules/bower']
58 error   errno: 3,
58 error   code: 'EACCES',
58 error   path: '/usr/local/lib/node_modules/bower' }
59 error Please try running this command again as root/Administrator.
60 error System Darwin 13.1.0
61 error command "node" "/usr/local/bin/npm" "install" "-g" "bower"
62 error cwd /Users/donpage/Desktop/wsd/ADT-pages/Apex-Cars
63 error node -v v0.10.29
64 error npm -v 1.4.14
65 error path /usr/local/lib/node_modules/bower
66 error code EACCES
67 error errno 3
68 error stack Error: EACCES, unlink '/usr/local/lib/node_modules/bower'
69 verbose exit [ 3, true ]
